mode: set
montecarlo/main.go:18.39,19.22 1 1
montecarlo/main.go:20.9,21.11 1 0
montecarlo/main.go:22.9,23.11 1 1
montecarlo/main.go:24.9,25.11 1 0
montecarlo/main.go:26.9,27.11 1 0
montecarlo/main.go:28.10,29.63 1 1
montecarlo/main.go:57.47,58.29 1 0
montecarlo/main.go:61.2,61.130 1 0
montecarlo/main.go:58.29,60.3 1 0
montecarlo/main.go:67.29,67.46 1 0
montecarlo/main.go:68.39,69.22 1 0
montecarlo/main.go:74.2,74.44 1 0
montecarlo/main.go:69.22,71.3 1 0
montecarlo/main.go:71.8,71.29 1 0
montecarlo/main.go:71.29,73.3 1 0
montecarlo/main.go:76.34,76.61 1 0
montecarlo/main.go:88.31,90.2 1 0
montecarlo/main.go:92.43,96.15 2 1
montecarlo/main.go:99.2,99.14 1 1
montecarlo/main.go:96.15,98.3 1 1
montecarlo/main.go:102.27,106.2 1 1
montecarlo/main.go:109.26,111.34 2 1
montecarlo/main.go:116.2,116.13 1 1
montecarlo/main.go:111.34,112.42 1 1
montecarlo/main.go:112.42,114.4 1 1
montecarlo/main.go:120.44,123.2 2 0
montecarlo/main.go:126.61,128.34 2 0
montecarlo/main.go:128.34,130.3 1 0
montecarlo/main.go:133.46,134.34 1 0
montecarlo/main.go:134.34,135.24 1 0
montecarlo/main.go:135.24,137.4 1 0
montecarlo/main.go:142.58,144.26 2 0
montecarlo/main.go:151.2,151.14 1 0
montecarlo/main.go:144.26,150.3 5 0
montecarlo/main.go:155.44,169.2 3 0
montecarlo/main.go:171.37,183.2 1 0
montecarlo/main.go:186.35,188.27 2 1
montecarlo/main.go:188.27,190.21 2 1
montecarlo/main.go:190.21,191.37 1 1
montecarlo/main.go:197.33,204.2 6 0
montecarlo/main.go:207.74,209.29 2 0
montecarlo/main.go:212.2,212.30 1 0
montecarlo/main.go:217.2,218.20 2 0
montecarlo/main.go:221.2,221.21 1 0
montecarlo/main.go:209.29,211.3 1 0
montecarlo/main.go:212.30,213.24 1 0
montecarlo/main.go:213.24,215.4 1 0
montecarlo/main.go:218.20,220.3 1 0
montecarlo/main.go:225.72,228.12 3 0
montecarlo/main.go:233.2,234.27 2 0
montecarlo/main.go:241.2,241.26 1 0
montecarlo/main.go:248.2,252.21 3 0
montecarlo/main.go:228.12,230.3 1 0
montecarlo/main.go:234.27,235.26 1 0
montecarlo/main.go:235.26,237.4 1 0
montecarlo/main.go:241.26,242.22 1 0
montecarlo/main.go:242.22,244.4 1 0
montecarlo/main.go:256.51,259.16 3 0
montecarlo/main.go:262.2,263.22 2 0
montecarlo/main.go:266.2,267.26 2 0
montecarlo/main.go:259.16,261.3 1 0
montecarlo/main.go:263.22,265.3 1 0
montecarlo/main.go:270.48,273.2 2 0
montecarlo/main.go:275.46,278.2 2 0
montecarlo/main.go:280.46,283.2 2 0
montecarlo/main.go:285.39,287.29 2 0
montecarlo/main.go:294.2,295.41 2 0
montecarlo/main.go:305.2,305.14 1 0
montecarlo/main.go:287.29,289.23 2 0
montecarlo/main.go:289.23,291.4 1 0
montecarlo/main.go:295.41,296.29 1 0
montecarlo/main.go:296.29,298.24 2 0
montecarlo/main.go:298.24,300.5 1 0
montecarlo/main.go:301.9,303.4 1 0
montecarlo/main.go:308.42,310.15 2 0
montecarlo/main.go:316.2,316.17 1 0
montecarlo/main.go:310.15,312.15 2 0
montecarlo/main.go:312.15,314.4 1 0
montecarlo/main.go:319.44,321.20 2 0
montecarlo/main.go:326.2,327.26 2 0
montecarlo/main.go:334.2,335.25 2 0
montecarlo/main.go:338.2,338.10 1 0
montecarlo/main.go:321.20,323.3 1 0
montecarlo/main.go:327.26,329.106 2 0
montecarlo/main.go:329.106,331.4 1 0
montecarlo/main.go:335.25,337.3 1 0
montecarlo/main.go:341.38,343.29 2 0
montecarlo/main.go:347.2,348.29 2 0
montecarlo/main.go:356.2,356.21 1 0
montecarlo/main.go:362.2,362.40 1 0
montecarlo/main.go:366.2,367.14 2 0
montecarlo/main.go:343.29,345.3 1 0
montecarlo/main.go:348.29,349.21 1 0
montecarlo/main.go:349.21,350.32 1 0
montecarlo/main.go:350.32,352.5 1 0
montecarlo/main.go:356.21,359.3 2 0
montecarlo/main.go:362.40,364.3 1 0
montecarlo/main.go:376.28,378.2 1 0
montecarlo/main.go:381.105,386.91 2 0
montecarlo/main.go:399.2,401.52 2 0
montecarlo/main.go:414.2,414.43 1 0
montecarlo/main.go:427.2,427.43 1 0
montecarlo/main.go:438.2,440.33 3 0
montecarlo/main.go:454.2,454.29 1 0
montecarlo/main.go:386.91,391.3 3 0
montecarlo/main.go:391.8,391.64 1 0
montecarlo/main.go:391.64,394.3 1 0
montecarlo/main.go:401.52,402.15 1 0
montecarlo/main.go:411.3,411.23 1 0
montecarlo/main.go:402.15,404.4 1 0
montecarlo/main.go:404.9,404.21 1 0
montecarlo/main.go:404.21,406.4 1 0
montecarlo/main.go:406.9,406.21 1 0
montecarlo/main.go:406.21,408.4 1 0
montecarlo/main.go:408.9,408.21 1 0
montecarlo/main.go:408.21,410.4 1 0
montecarlo/main.go:414.43,415.25 1 0
montecarlo/main.go:418.3,418.24 1 0
montecarlo/main.go:424.3,424.22 1 0
montecarlo/main.go:415.25,416.45 1 0
montecarlo/main.go:418.24,420.30 2 0
montecarlo/main.go:420.30,422.5 1 0
montecarlo/main.go:427.43,429.24 2 0
montecarlo/main.go:432.3,432.24 1 0
montecarlo/main.go:435.3,435.33 1 0
montecarlo/main.go:429.24,431.4 1 0
montecarlo/main.go:432.24,434.4 1 0
montecarlo/main.go:441.77,442.60 1 0
montecarlo/main.go:443.67,445.30 2 0
montecarlo/main.go:448.23,449.66 1 0
montecarlo/main.go:450.10,451.25 1 0
montecarlo/main.go:445.30,447.4 1 0
montecarlo/main.go:454.29,458.3 2 0
montecarlo/main.go:458.8,458.36 1 0
montecarlo/main.go:458.36,461.3 1 0
montecarlo/main.go:461.8,461.25 1 0
montecarlo/main.go:461.25,462.40 1 0
montecarlo/main.go:467.57,472.25 3 0
montecarlo/main.go:557.2,557.28 1 0
montecarlo/main.go:472.25,484.45 10 0
montecarlo/main.go:550.3,550.25 1 0
montecarlo/main.go:555.3,555.27 1 0
montecarlo/main.go:484.45,490.32 6 0
montecarlo/main.go:493.4,497.20 3 0
montecarlo/main.go:502.4,503.20 2 0
montecarlo/main.go:508.4,509.27 2 0
montecarlo/main.go:514.4,515.27 2 0
montecarlo/main.go:520.4,521.20 2 0
montecarlo/main.go:526.4,527.20 2 0
montecarlo/main.go:532.4,533.28 2 0
montecarlo/main.go:538.4,539.20 2 0
montecarlo/main.go:544.4,547.69 4 0
montecarlo/main.go:490.32,491.59 1 0
montecarlo/main.go:497.20,500.13 3 0
montecarlo/main.go:503.20,506.13 3 0
montecarlo/main.go:509.27,512.13 3 0
montecarlo/main.go:515.27,518.13 3 0
montecarlo/main.go:521.20,524.13 3 0
montecarlo/main.go:527.20,530.13 3 0
montecarlo/main.go:533.28,536.13 3 0
montecarlo/main.go:539.20,542.13 3 0
montecarlo/main.go:550.25,552.4 1 0
montecarlo/main.go:552.9,554.4 1 0
montecarlo/main.go:560.13,596.32 11 0
montecarlo/main.go:600.2,601.19 2 0
montecarlo/main.go:606.2,606.23 1 0
montecarlo/main.go:611.2,615.31 4 0
montecarlo/main.go:618.2,618.35 1 0
montecarlo/main.go:631.2,635.35 4 0
montecarlo/main.go:642.2,645.31 3 0
montecarlo/main.go:650.2,654.40 4 0
montecarlo/main.go:596.32,598.3 1 0
montecarlo/main.go:601.19,604.3 2 0
montecarlo/main.go:606.23,609.3 2 0
montecarlo/main.go:615.31,617.3 1 0
montecarlo/main.go:618.35,629.3 4 0
montecarlo/main.go:635.35,637.18 2 0
montecarlo/main.go:637.18,640.4 2 0
montecarlo/main.go:645.31,648.3 2 0
